<?xml version="1.0" encoding="UTF-8"?><testsuite errors="0" failures="0" name="Confirm whether a visa is required to visit the UK" skipped="0" tests="4" time="43.38" timestamp="2020-11-22 06:07:01"><testcase name="Verify whether a visa is required for Japan Nationality to visit the UK for Study"/><testcase name="Verify whether a visa is required for Japan Nationality to visit the UK for Tourism"/><testcase name="Verify whether a visa is required for Russia Nationality to visit the UK for Tourism"/></testsuite>